[19:38:12] [INIT] KubeJS 2001.6.5-build.16; MC 2001 forge
[19:38:12] [INIT] Loaded plugins:
[19:38:12] [INIT] - dev.latvian.mods.kubejs.forge.BuiltinKubeJSForgePlugin
[19:38:12] [INIT] - com.lowdragmc.lowdraglib.kjs.LDLibKubeJSPlugin
[19:38:12] [INIT] - dev.ftb.mods.ftbxmodcompat.ftbquests.kubejs.KubeJSIntegration
[19:38:12] [INIT] - dev.ftb.mods.ftbxmodcompat.ftbchunks.kubejs.FTBChunksKubeJSPlugin
[19:38:12] [INIT] - dev.ftb.mods.ftbxmodcompat.ftbteams.kubejs.FTBTeamsKubeJSPlugin
[19:38:12] [INIT] - com.lowdragmc.mbd2.integration.kubejs.MBDKubeJSPlugin
[19:38:12] [INIT] - dev.latvian.mods.kubejs.thermal.KubeJSThermalPlugin
[19:38:12] [INIT] - dev.latvian.mods.kubejs.create.KubeJSCreatePlugin
[19:38:12] [INIT] - com.almostreliable.morejs.Plugin
[19:38:12] [INIT] - pie.ilikepiefoo.AdditionsPlugin
[19:38:12] [INIT] - pie.ilikepiefoo.compat.jei.JEIKubeJSPlugin
[19:38:12] [INIT] - com.almostreliable.lootjs.kube.LootJSPlugin
[19:38:12] [INIT] - com.almostreliable.ponderjs.KubePlugin
[19:38:13] [INFO] example.js#5: Hello, World! (Loaded server scripts)
[19:38:13] [INFO] Loaded script server_scripts:example.js in 0.0 s
[19:38:13] [INFO] Loaded 1/1 KubeJS server scripts in 0.022 s with 0 errors and 0 warnings
[19:38:13] [INFO] Scripts loaded
[19:38:36] [INFO] Server resource reload complete!
